{
  "RSpec": {
    "coverage": {
      "/Users/kirilloleynik/Code/study/RubyGarage/RGLibrary_reanimation/entities/author.rb": [
        null,
        null,
        null,
        1,
        1,
        1,
        16,
        14,
        null,
        2,
        null,
        null,
        1,
        4,
        null,
        null,
        1,
        2,
        null,
        null,
        1,
        null,
        1,
        4,
        null,
        null
      ],
      "/Users/kirilloleynik/Code/study/RubyGarage/RGLibrary_reanimation/spec/entities/author_spec.rb": [
        null,
        null,
        1,
        4,
        3,
        4,
        3,
        3,
        1,
        1,
        2,
        2,
        2,
        2,
        2,
        null,
        1,
        1,
        1,
        1,
        1,
        1,
        1,
        1,
        1,
        1,
        null,
        null,
        1,
        1,
        1,
        1,
        null,
        1,
        1,
        1,
        null,
        1,
        1,
        1,
        1,
        1,
        null,
        1,
        1,
        1,
        null,
        null,
        1,
        1,
        2,
        1,
        1,
        null,
        null,
        1,
        2,
        1,
        1,
        null,
        null,
        null,
        null,
        null
      ]
    },
    "timestamp": 1591103094
  }
}
